#
# A fatal error has been detected by the Java Runtime Environment:
#
#  EXCEPTION_ACCESS_VIOLATION (0xc0000005) at pc=0x754a61ec, pid=8060, tid=3180
#
# JRE version: Java(TM) SE Runtime Environment (8.0_45-b14) (build 1.8.0_45-b14)
# Java VM: Java HotSpot(TM) Client VM (25.45-b02 mixed mode windows-x86 )
# Problematic frame:
# C  [USER32.dll+0x261ec]
#
# Failed to write core dump. Minidumps are not enabled by default on client versions of Windows
#
# If you would like to submit a bug report, please visit:
#   http://bugreport.java.com/bugreport/crash.jsp
# The crash happened outside the Java Virtual Machine in native code.
# See problematic frame for where to report the bug.
#

---------------  T H R E A D  ---------------

Current thread (0x0576e800):  JavaThread "AWT-EventQueue-0" [_thread_in_native, id=3180, stack(0x062b0000,0x06300000)]

siginfo: ExceptionCode=0xc0000005, ExceptionInformation=0x00000008 0x754a61ec

Registers:
EAX=0x000000b2, EBX=0x00000001, ECX=0x062fddf0, EDX=0x062fde0c
ESP=0x062fdd80, EBP=0x062fdd9c, ESI=0x0576e940, EDI=0x062fdef0
EIP=0x754a61ec, EFLAGS=0x00210202

Top of Stack: (sp=0x062fdd80)
0x062fdd80:   74d9c3f7 00000000 00000000 08adc228
0x062fdd90:   00000000 0000000c 062fdd14 062fddc0
0x062fdda0:   74d9c587 09011717 062fde0c 000000b2
0x062fddb0:   726cb670 062fdef0 00000003 00000001
0x062fddc0:   057c45f8 726cb993 09011717 062fddf0
0x062fddd0:   726cb670 062fdef0 00000000 062fde7c
0x062fdde0:   08a20020 08adc200 00000001 08adc20c
0x062fddf0:   00000000 00000000 00000000 00000000 

Instructions: (pc=0x754a61ec)
0x754a61cc:   00 00 0f 87 20 82 00 00 ff 75 14 ff 75 10 50 ff
0x754a61dc:   75 08 e8 b2 08 ff ff 5d c2 10 00 90 90 90 90 90
0x754a61ec:   64 a1 18 00 00 00 8b 80 70 0f 00 00 83 78 78 00
0x754a61fc:   0f 84 11 a3 02 00 64 a1 18 00 00 00 8b 80 70 0f 


Register to memory mapping:

EAX=0x000000b2 is an unknown value
EBX=0x00000001 is an unknown value
ECX=0x062fddf0 is pointing into the stack for thread: 0x0576e800
EDX=0x062fde0c is pointing into the stack for thread: 0x0576e800
ESP=0x062fdd80 is pointing into the stack for thread: 0x0576e800
EBP=0x062fdd9c is pointing into the stack for thread: 0x0576e800
ESI=0x0576e940 is an unknown value
EDI=0x062fdef0 is pointing into the stack for thread: 0x0576e800


Stack: [0x062b0000,0x06300000],  sp=0x062fdd80,  free space=311k
Native frames: (J=compiled Java code, j=interpreted, Vv=VM code, C=native code)
C  [USER32.dll+0x261ec]
C  [GDI32.dll+0x1c587]
C  [fontmanager.dll+0x1b993]

Java frames: (J=compiled Java code, j=interpreted, Vv=VM code)
j  sun.awt.Win32FontManager.populateFontFileNameMap0(Ljava/util/HashMap;Ljava/util/HashMap;Ljava/util/HashMap;Ljava/util/Locale;)V+0
j  sun.awt.Win32FontManager.populateFontFileNameMap(Ljava/util/HashMap;Ljava/util/HashMap;Ljava/util/HashMap;Ljava/util/Locale;)V+5
j  sun.font.SunFontManager.getFullNameToFileMap()Ljava/util/HashMap;+73
j  sun.font.SunFontManager.findFontFromPlatform(Ljava/lang/String;I)Lsun/font/Font2D;+1
j  sun.font.SunFontManager.findFont2D(Ljava/lang/String;II)Lsun/font/Font2D;+521
j  java.awt.Font.getFont2D()Lsun/font/Font2D;+86
j  java.awt.Font.access$000(Ljava/awt/Font;)Lsun/font/Font2D;+1
j  java.awt.Font$FontAccessImpl.getFont2D(Ljava/awt/Font;)Lsun/font/Font2D;+1
j  sun.font.FontUtilities.getFont2D(Ljava/awt/Font;)Lsun/font/Font2D;+4
j  sun.font.FontDesignMetrics.initMatrixAndMetrics()V+4
j  sun.font.FontDesignMetrics.<init>(Ljava/awt/Font;Ljava/awt/font/FontRenderContext;)V+62
j  sun.font.FontDesignMetrics.getMetrics(Ljava/awt/Font;Ljava/awt/font/FontRenderContext;)Lsun/font/FontDesignMetrics;+128
j  sun.swing.SwingUtilities2.getFontMetrics(Ljavax/swing/JComponent;Ljava/awt/Font;)Ljava/awt/FontMetrics;+15
j  javax.swing.JComponent.getFontMetrics(Ljava/awt/Font;)Ljava/awt/FontMetrics;+2
j  sun.swing.SwingUtilities2.getFontMetrics(Ljavax/swing/JComponent;Ljava/awt/Graphics;Ljava/awt/Font;)Ljava/awt/FontMetrics;+6
j  sun.swing.SwingUtilities2.getFontMetrics(Ljavax/swing/JComponent;Ljava/awt/Graphics;)Ljava/awt/FontMetrics;+6
j  javax.swing.plaf.basic.BasicLabelUI.paint(Ljava/awt/Graphics;Ljavax/swing/JComponent;)V+44
j  javax.swing.plaf.ComponentUI.update(Ljava/awt/Graphics;Ljavax/swing/JComponent;)V+32
j  javax.swing.JComponent.paintComponent(Ljava/awt/Graphics;)V+26
j  javax.swing.JComponent.paint(Ljava/awt/Graphics;)V+286
j  javax.swing.JComponent.paintChildren(Ljava/awt/Graphics;)V+501
j  javax.swing.JComponent.paint(Ljava/awt/Graphics;)V+318
j  javax.swing.JComponent.paintChildren(Ljava/awt/Graphics;)V+501
j  javax.swing.JComponent.paint(Ljava/awt/Graphics;)V+318
j  javax.swing.JLayeredPane.paint(Ljava/awt/Graphics;)V+73
j  javax.swing.JComponent.paintChildren(Ljava/awt/Graphics;)V+501
j  javax.swing.JComponent.paintToOffscreen(Ljava/awt/Graphics;IIIIII)V+72
j  javax.swing.RepaintManager$PaintManager.paintDoubleBuffered(Ljavax/swing/JComponent;Ljava/awt/Image;Ljava/awt/Graphics;IIII)V+163
j  javax.swing.RepaintManager$PaintManager.paint(Ljavax/swing/JComponent;Ljavax/swing/JComponent;Ljava/awt/Graphics;IIII)Z+116
j  javax.swing.RepaintManager.paint(Ljavax/swing/JComponent;Ljavax/swing/JComponent;Ljava/awt/Graphics;IIII)V+51
j  javax.swing.JComponent.paint(Ljava/awt/Graphics;)V+221
j  java.awt.GraphicsCallback$PaintCallback.run(Ljava/awt/Component;Ljava/awt/Graphics;)V+2
j  sun.awt.SunGraphicsCallback.runOneComponent(Ljava/awt/Component;Ljava/awt/Rectangle;Ljava/awt/Graphics;Ljava/awt/Shape;I)V+155
j  sun.awt.SunGraphicsCallback.runComponents([Ljava/awt/Component;Ljava/awt/Graphics;I)V+194
j  java.awt.Container.paint(Ljava/awt/Graphics;)V+58
j  java.awt.Window.paint(Ljava/awt/Graphics;)V+68
j  javax.swing.RepaintManager$4.run()Ljava/lang/Void;+142
j  javax.swing.RepaintManager$4.run()Ljava/lang/Object;+1
v  ~StubRoutines::call_stub
j  java.security.AccessController.doPrivileged(Ljava/security/PrivilegedAction;Ljava/security/AccessControlContext;)Ljava/lang/Object;+0
j  java.security.ProtectionDomain$1.doIntersectionPrivilege(Ljava/security/PrivilegedAction;Ljava/security/AccessControlContext;Ljava/security/AccessControlContext;)Ljava/lang/Object;+28
j  javax.swing.RepaintManager.paintDirtyRegions(Ljava/util/Map;)V+154
j  javax.swing.RepaintManager.paintDirtyRegions()V+46
j  javax.swing.RepaintManager.prePaintDirtyRegions()V+73
j  javax.swing.RepaintManager.access$1300(Ljavax/swing/RepaintManager;)V+1
j  javax.swing.RepaintManager$ProcessingRunnable.run()V+37
j  java.awt.event.InvocationEvent.dispatch()V+47
j  java.awt.EventQueue.dispatchEventImpl(Ljava/awt/AWTEvent;Ljava/lang/Object;)V+21
j  java.awt.EventQueue.access$500(Ljava/awt/EventQueue;Ljava/awt/AWTEvent;Ljava/lang/Object;)V+3
j  java.awt.EventQueue$3.run()Ljava/lang/Void;+32
j  java.awt.EventQueue$3.run()Ljava/lang/Object;+1
v  ~StubRoutines::call_stub
j  java.security.AccessController.doPrivileged(Ljava/security/PrivilegedAction;Ljava/security/AccessControlContext;)Ljava/lang/Object;+0
j  java.security.ProtectionDomain$1.doIntersectionPrivilege(Ljava/security/PrivilegedAction;Ljava/security/AccessControlContext;Ljava/security/AccessControlContext;)Ljava/lang/Object;+28
j  java.awt.EventQueue.dispatchEvent(Ljava/awt/AWTEvent;)V+46
j  java.awt.EventDispatchThread.pumpOneEventForFilters(I)V+245
j  java.awt.EventDispatchThread.pumpEventsForFilter(ILjava/awt/Conditional;Ljava/awt/EventFilter;)V+35
j  java.awt.EventDispatchThread.pumpEventsForHierarchy(ILjava/awt/Conditional;Ljava/awt/Component;)V+11
j  java.awt.EventDispatchThread.pumpEvents(ILjava/awt/Conditional;)V+4
j  java.awt.EventDispatchThread.pumpEvents(Ljava/awt/Conditional;)V+3
j  java.awt.EventDispatchThread.run()V+9
v  ~StubRoutines::call_stub

---------------  P R O C E S S  ---------------

Java Threads: ( => current thread )
  0x0596ec00 JavaThread "Direct Clip" daemon [_thread_blocked, id=6328, stack(0x07ab0000,0x07b00000)]
  0x0596e400 JavaThread "Java Sound Event Dispatcher" daemon [_thread_blocked, id=6884, stack(0x06c90000,0x06ce0000)]
  0x059d8c00 JavaThread "Thread-2" [_thread_blocked, id=6868, stack(0x08040000,0x08090000)]
  0x059d2800 JavaThread "TimerQueue" daemon [_thread_blocked, id=2656, stack(0x07b00000,0x07b50000)]
  0x0578c000 JavaThread "org.netbeans.modules.debugger.jpda.visual AWT Access Loop" daemon [_thread_blocked, id=7676, stack(0x06330000,0x06380000)]
  0x0071dc00 JavaThread "DestroyJavaVM" [_thread_blocked, id=7800, stack(0x006a0000,0x006f0000)]
=>0x0576e800 JavaThread "AWT-EventQueue-0" [_thread_in_native, id=3180, stack(0x062b0000,0x06300000)]
  0x0574c800 JavaThread "AWT-Windows" daemon [_thread_in_native, id=420, stack(0x05ce0000,0x05d30000)]
  0x0574b400 JavaThread "AWT-Shutdown" [_thread_blocked, id=7280, stack(0x051b0000,0x05200000)]
  0x0574ac00 JavaThread "Java2D Disposer" daemon [_thread_blocked, id=6080, stack(0x05350000,0x053a0000)]
  0x04d22000 JavaThread "Service Thread" daemon [_thread_blocked, id=4476, stack(0x05600000,0x05650000)]
  0x04d0c000 JavaThread "C1 CompilerThread0" daemon [_thread_blocked, id=1140, stack(0x052a0000,0x052f0000)]
  0x04d06000 JavaThread "JDWP Command Reader" daemon [_thread_in_native, id=7516, stack(0x053f0000,0x05440000)]
  0x04d04000 JavaThread "JDWP Event Helper Thread" daemon [_thread_blocked, id=4356, stack(0x05150000,0x051a0000)]
  0x04d01400 JavaThread "JDWP Transport Listener: dt_shmem" daemon [_thread_blocked, id=5932, stack(0x05210000,0x05260000)]
  0x04cfec00 JavaThread "Attach Listener" daemon [_thread_blocked, id=5456, stack(0x04c40000,0x04c90000)]
  0x04cfe000 JavaThread "Signal Dispatcher" daemon [_thread_blocked, id=7980, stack(0x04b30000,0x04b80000)]
  0x04cb5800 JavaThread "Finalizer" daemon [_thread_blocked, id=3676, stack(0x05060000,0x050b0000)]
  0x04cad800 JavaThread "Reference Handler" daemon [_thread_blocked, id=4140, stack(0x04ad0000,0x04b20000)]

Other Threads:
  0x04caac00 VMThread [stack: 0x04eb0000,0x04f00000] [id=7412]
  0x04d34400 WatcherThread [stack: 0x056b0000,0x05700000] [id=5940]

VM state:not at safepoint (normal execution)

VM Mutex/Monitor currently owned by a thread: None

Heap:
 def new generation   total 4928K, used 2366K [0x0f200000, 0x0f750000, 0x14750000)
  eden space 4416K,  43% used [0x0f200000, 0x0f3e1300, 0x0f650000)
  from space 512K,  86% used [0x0f650000, 0x0f6be538, 0x0f6d0000)
  to   space 512K,   0% used [0x0f6d0000, 0x0f6d0000, 0x0f750000)
 tenured generation   total 10944K, used 5978K [0x14750000, 0x15200000, 0x1f200000)
   the space 10944K,  54% used [0x14750000, 0x14d268d8, 0x14d26a00, 0x15200000)
 Metaspace       used 9324K, capacity 9527K, committed 9600K, reserved 9600K

Card table byte_map: [0x009c0000,0x00a50000] byte_map_base: 0x00947000

Polling page: 0x00540000

CodeCache: size=32768Kb used=1193Kb max_used=1193Kb free=31574Kb
 bounds [0x02660000, 0x02790000, 0x04660000]
 total_blobs=515 nmethods=285 adapters=169
 compilation: enabled

Compilation events (10 events):
Event: 14.947 Thread 0x04d0c000  283             java.util.HashMap::containsKey (18 bytes)
Event: 14.948 Thread 0x04d0c000 nmethod 283 0x027897c8 code [0x027898d0, 0x027899c8]
Event: 14.949 Thread 0x04d0c000  284             java.util.ArrayList::ensureCapacityInternal (23 bytes)
Event: 14.949 Thread 0x04d0c000 nmethod 284 0x02789a88 code [0x02789b90, 0x02789c6c]
Event: 14.949 Thread 0x04d0c000  285             java.util.ArrayList::ensureExplicitCapacity (26 bytes)
Event: 14.950 Thread 0x04d0c000 nmethod 285 0x02789d48 code [0x02789e50, 0x02789f0c]
Event: 14.950 Thread 0x04d0c000  286             java.util.ArrayList::add (29 bytes)
Event: 14.950 Thread 0x04d0c000 nmethod 286 0x02789f88 code [0x0278a090, 0x0278a20c]
Event: 14.957 Thread 0x04d0c000  287             java.util.AbstractList::<init> (10 bytes)
Event: 14.957 Thread 0x04d0c000 nmethod 287 0x0278a388 code [0x0278a480, 0x0278a500]

GC Heap History (8 events):
Event: 4.262 GC heap before
{Heap before GC invocations=0 (full 0):
 def new generation   total 4928K, used 4416K [0x0f200000, 0x0f750000, 0x14750000)
  eden space 4416K, 100% used [0x0f200000, 0x0f650000, 0x0f650000)
  from space 512K,   0% used [0x0f650000, 0x0f650000, 0x0f6d0000)
  to   space 512K,   0% used [0x0f6d0000, 0x0f6d0000, 0x0f750000)
 tenured generation   total 10944K, used 0K [0x14750000, 0x15200000, 0x1f200000)
   the space 10944K,   0% used [0x14750000, 0x14750000, 0x14750200, 0x15200000)
 Metaspace       used 6906K, capacity 7112K, committed 7168K, reserved 7552K
Event: 4.269 GC heap after
Heap after GC invocations=1 (full 0):
 def new generation   total 4928K, used 512K [0x0f200000, 0x0f750000, 0x14750000)
  eden space 4416K,   0% used [0x0f200000, 0x0f200000, 0x0f650000)
  from space 512K, 100% used [0x0f6d0000, 0x0f750000, 0x0f750000)
  to   space 512K,   0% used [0x0f650000, 0x0f650000, 0x0f6d0000)
 tenured generation   total 10944K, used 1095K [0x14750000, 0x15200000, 0x1f200000)
   the space 10944K,  10% used [0x14750000, 0x14861f48, 0x14862000, 0x15200000)
 Metaspace       used 6906K, capacity 7112K, committed 7168K, reserved 7552K
}
Event: 4.396 GC heap before
{Heap before GC invocations=1 (full 0):
 def new generation   total 4928K, used 4506K [0x0f200000, 0x0f750000, 0x14750000)
  eden space 4416K,  90% used [0x0f200000, 0x0f5e68a8, 0x0f650000)
  from space 512K, 100% used [0x0f6d0000, 0x0f750000, 0x0f750000)
  to   space 512K,   0% used [0x0f650000, 0x0f650000, 0x0f6d0000)
 tenured generation   total 10944K, used 1095K [0x14750000, 0x15200000, 0x1f200000)
   the space 10944K,  10% used [0x14750000, 0x14861f48, 0x14862000, 0x15200000)
 Metaspace       used 7829K, capacity 8008K, committed 8064K, reserved 8576K
Event: 4.403 GC heap after
Heap after GC invocations=2 (full 0):
 def new generation   total 4928K, used 507K [0x0f200000, 0x0f750000, 0x14750000)
  eden space 4416K,   0% used [0x0f200000, 0x0f200000, 0x0f650000)
  from space 512K,  99% used [0x0f650000, 0x0f6cee08, 0x0f6d0000)
  to   space 512K,   0% used [0x0f6d0000, 0x0f6d0000, 0x0f750000)
 tenured generation   total 10944K, used 3013K [0x14750000, 0x15200000, 0x1f200000)
   the space 10944K,  27% used [0x14750000, 0x14a41730, 0x14a41800, 0x15200000)
 Metaspace       used 7829K, capacity 8008K, committed 8064K, reserved 8576K
}
Event: 4.564 GC heap before
{Heap before GC invocations=2 (full 0):
 def new generation   total 4928K, used 4219K [0x0f200000, 0x0f750000, 0x14750000)
  eden space 4416K,  84% used [0x0f200000, 0x0f59ff48, 0x0f650000)
  from space 512K,  99% used [0x0f650000, 0x0f6cee08, 0x0f6d0000)
  to   space 512K,   0% used [0x0f6d0000, 0x0f6d0000, 0x0f750000)
 tenured generation   total 10944K, used 3013K [0x14750000, 0x15200000, 0x1f200000)
   the space 10944K,  27% used [0x14750000, 0x14a41730, 0x14a41800, 0x15200000)
 Metaspace       used 8402K, capacity 8621K, committed 8704K, reserved 9600K
Event: 4.568 GC heap after
Heap after GC invocations=3 (full 0):
 def new generation   total 4928K, used 341K [0x0f200000, 0x0f750000, 0x14750000)
  eden space 4416K,   0% used [0x0f200000, 0x0f200000, 0x0f650000)
  from space 512K,  66% used [0x0f6d0000, 0x0f725508, 0x0f750000)
  to   space 512K,   0% used [0x0f650000, 0x0f650000, 0x0f6d0000)
 tenured generation   total 10944K, used 4672K [0x14750000, 0x15200000, 0x1f200000)
   the space 10944K,  42% used [0x14750000, 0x14be03f8, 0x14be0400, 0x15200000)
 Metaspace       used 8402K, capacity 8621K, committed 8704K, reserved 9600K
}
Event: 14.787 GC heap before
{Heap before GC invocations=3 (full 0):
 def new generation   total 4928K, used 4014K [0x0f200000, 0x0f750000, 0x14750000)
  eden space 4416K,  83% used [0x0f200000, 0x0f596320, 0x0f650000)
  from space 512K,  66% used [0x0f6d0000, 0x0f725508, 0x0f750000)
  to   space 512K,   0% used [0x0f650000, 0x0f650000, 0x0f6d0000)
 tenured generation   total 10944K, used 4672K [0x14750000, 0x15200000, 0x1f200000)
   the space 10944K,  42% used [0x14750000, 0x14be03f8, 0x14be0400, 0x15200000)
 Metaspace       used 9275K, capacity 9495K, committed 9600K, reserved 9600K
Event: 14.791 GC heap after
Heap after GC invocations=4 (full 0):
 def new generation   total 4928K, used 441K [0x0f200000, 0x0f750000, 0x14750000)
  eden space 4416K,   0% used [0x0f200000, 0x0f200000, 0x0f650000)
  from space 512K,  86% used [0x0f650000, 0x0f6be538, 0x0f6d0000)
  to   space 512K,   0% used [0x0f6d0000, 0x0f6d0000, 0x0f750000)
 tenured generation   total 10944K, used 5978K [0x14750000, 0x15200000, 0x1f200000)
   the space 10944K,  54% used [0x14750000, 0x14d268d8, 0x14d26a00, 0x15200000)
 Metaspace       used 9275K, capacity 9495K, committed 9600K, reserved 9600K
}

Deoptimization events (0 events):
No events

Internal exceptions (10 events):
Event: 0.158 Thread 0x0071dc00 Exception <a 'java/lang/NoSuchMethodError': Method sun.misc.Unsafe.defineClass(Ljava/lang/String;[BII)Ljava/lang/Class; name or signature does not match> (0x0f210890) thrown at [C:\re\workspace\8-2-build-windows-i586-cygwin\jdk8u45\3457\hotspot\src\share\vÝHsÎ]BÄ?
Event: 0.158 Thread 0x0071dc00 Exception <a 'java/lang/NoSuchMethodError': Method sun.misc.Unsafe.prefetchRead(Ljava/lang/Object;J)V name or signature does not match> (0x0f210b10) thrown at [C:\re\workspace\8-2-build-windows-i586-cygwin\jdk8u45\3457\hotspot\src\share\vm\prims\jni.cpp, lß30²ËŒ
@
Event: 3.319 Thread 0x0071dc00 Exception <a 'java/security/PrivilegedActionException'> (0x0f336e90) thrown at [C:\re\workspace\8-2-build-windows-i586-cygwin\jdk8u45\3457\hotspot\src\share\vm\prims\jvm.cpp, line 1382]
Event: 3.319 Thread 0x0071dc00 Exception <a 'java/security/PrivilegedActionException'> (0x0f337040) thrown at [C:\re\workspace\8-2-build-windows-i586-cygwin\jdk8u45\3457\hotspot\src\share\vm\prims\jvm.cpp, line 1382]
Event: 3.320 Thread 0x0071dc00 Exception <a 'java/security/PrivilegedActionException'> (0x0f33b4d8) thrown at [C:\re\workspace\8-2-build-windows-i586-cygwin\jdk8u45\3457\hotspot\src\share\vm\prims\jvm.cpp, line 1382]
Event: 3.320 Thread 0x0071dc00 Exception <a 'java/security/PrivilegedActionException'> (0x0f33b688) thrown at [C:\re\workspace\8-2-build-windows-i586-cygwin\jdk8u45\3457\hotspot\src\share\vm\prims\jvm.cpp, line 1382]
Event: 3.325 Thread 0x0071dc00 Exception <a 'java/io/FileNotFoundException'> (0x0f33d808) thrown at [C:\re\workspace\8-2-build-windows-i586-cygwin\jdk8u45\3457\hotspot\src\share\vm\prims\jni.cpp, line 709]
Event: 3.444 Thread 0x0071dc00 Exception <a 'java/lang/NoSuchFieldError': method resolution failed> (0x0f40e640) thrown at [C:\re\workspace\8-2-build-windows-i586-cygwin\jdk8u45\3457\hotspot\src\share\vm\prims\methodHandles.cpp, line 1125]
Event: 3.447 Thread 0x0071dc00 Exception <a 'java/lang/NoSuchFieldError': method resolution failed> (0x0f41bae0) thrown at [C:\re\workspace\8-2-build-windows-i586-cygwin\jdk8u45\3457\hotspot\src\share\vm\prims\methodHandles.cpp, line 1125]
Event: 3.614 Thread 0x0071dc00 Exception <a 'java/io/FileNotFoundException'> (0x0f4e9a80) thrown at [C:\re\workspace\8-2-build-windows-i586-cygwin\jdk8u45\3457\hotspot\src\share\vm\prims\jni.cpp, line 709]

Events (10 events):
Event: 14.912 loading class com/sun/java/swing/plaf/windows/WindowsGraphicsUtils
Event: 14.912 loading class com/sun/java/swing/plaf/windows/WindowsGraphicsUtils done
Event: 14.914 loading class sun/font/NativeFont
Event: 14.914 loading class sun/font/NativeFont done
Event: 14.922 loading class java/util/concurrent/ConcurrentHashMap$KeyIterator
Event: 14.922 loading class java/util/concurrent/ConcurrentHashMap$BaseIterator
Event: 14.922 loading class java/util/concurrent/ConcurrentHashMap$Traverser
Event: 14.922 loading class java/util/concurrent/ConcurrentHashMap$Traverser done
Event: 14.922 loading class java/util/concurrent/ConcurrentHashMap$BaseIterator done
Event: 14.922 loading class java/util/concurrent/ConcurrentHashMap$KeyIterator done


Dynamic libraries:
0x00370000 - 0x003a3000 	C:\Program Files (x86)\Java\jdk1.8.0_45(32bit)\bin\java.exe
0x77160000 - 0x772e0000 	C:\Windows\SysWOW64\ntdll.dll
0x751c0000 - 0x752d0000 	C:\Windows\syswow64\kernel32.dll
0x76720000 - 0x76767000 	C:\Windows\syswow64\KERNELBASE.dll
0x74950000 - 0x749f0000 	C:\Windows\syswow64\ADVAPI32.dll
0x75740000 - 0x757ec000 	C:\Windows\syswow64\msvcrt.dll
0x748a0000 - 0x748b9000 	C:\Windows\SysWOW64\sechost.dll
0x767b0000 - 0x768a0000 	C:\Windows\syswow64\RPCRT4.dll
0x74840000 - 0x748a0000 	C:\Windows\syswow64\SspiCli.dll
0x74830000 - 0x7483c000 	C:\Windows\syswow64\CRYPTBASE.dll
0x75480000 - 0x75580000 	C:\Windows\syswow64\USER32.dll
0x74d80000 - 0x74e10000 	C:\Windows\syswow64\GDI32.dll
0x767a0000 - 0x767aa000 	C:\Windows\syswow64\LPK.dll
0x75580000 - 0x7561d000 	C:\Windows\syswow64\USP10.dll
0x73600000 - 0x7379e000 	C:\Windows\WinSxS\x86_microsoft.windows.common-controls_6595b64144ccf1df_6.0.7601.17514_none_41e6975e2bd6f2b2\COMCTL32.dll
0x74bf0000 - 0x74c47000 	C:\Windows\syswow64\SHLWAPI.dll
0x757f0000 - 0x75850000 	C:\Windows\system32\IMM32.DLL
0x74e50000 - 0x74f1c000 	C:\Windows\syswow64\MSCTF.dll
0x733d0000 - 0x733fe000 	C:\Windows\SysWOW64\nvinit.dll
0x733c0000 - 0x733c9000 	C:\Windows\system32\VERSION.dll
0x0f000000 - 0x0f006000 	C:\Program Files (x86)\NVIDIA Corporation\CoProcManager\detoured.dll
0x732c0000 - 0x732eb000 	C:\Program Files (x86)\NVIDIA Corporation\CoProcManager\nvd3d9wrap.dll
0x74f40000 - 0x750dd000 	C:\Windows\syswow64\SETUPAPI.dll
0x75850000 - 0x75877000 	C:\Windows\syswow64\CFGMGR32.dll
0x748c0000 - 0x7494f000 	C:\Windows\syswow64\OLEAUT32.dll
0x749f0000 - 0x74b4c000 	C:\Windows\syswow64\ole32.dll
0x74f20000 - 0x74f32000 	C:\Windows\syswow64\DEVOBJ.dll
0x733a0000 - 0x733bf000 	C:\Program Files (x86)\NVIDIA Corporation\CoProcManager\nvdxgiwrap.dll
0x728e0000 - 0x7299f000 	C:\Program Files (x86)\Java\jdk1.8.0_45(32bit)\jre\bin\msvcr100.dll
0x6a200000 - 0x6a5c0000 	C:\Program Files (x86)\Java\jdk1.8.0_45(32bit)\jre\bin\client\jvm.dll
0x6eac0000 - 0x6eac7000 	C:\Windows\system32\WSOCK32.dll
0x74e10000 - 0x74e45000 	C:\Windows\syswow64\WS2_32.dll
0x751b0000 - 0x751b6000 	C:\Windows\syswow64\NSI.dll
0x73130000 - 0x73162000 	C:\Windows\system32\WINMM.dll
0x74c50000 - 0x74c55000 	C:\Windows\syswow64\PSAPI.DLL
0x729f0000 - 0x729fc000 	C:\Program Files (x86)\Java\jdk1.8.0_45(32bit)\jre\bin\verify.dll
0x728b0000 - 0x728d1000 	C:\Program Files (x86)\Java\jdk1.8.0_45(32bit)\jre\bin\java.dll
0x62320000 - 0x62349000 	C:\Program Files (x86)\Java\jdk1.8.0_45(32bit)\jre\bin\jdwp.dll
0x72590000 - 0x72597000 	C:\Program Files (x86)\Java\jdk1.8.0_45(32bit)\jre\bin\npt.dll
0x72890000 - 0x728a3000 	C:\Program Files (x86)\Java\jdk1.8.0_45(32bit)\jre\bin\zip.dll
0x758e0000 - 0x7652a000 	C:\Windows\syswow64\SHELL32.dll
0x715f0000 - 0x715fb000 	C:\Windows\system32\profapi.dll
0x71f00000 - 0x71f09000 	C:\Program Files (x86)\Java\jdk1.8.0_45(32bit)\jre\bin\dt_shmem.dll
0x656f0000 - 0x65835000 	C:\Program Files (x86)\Java\jdk1.8.0_45(32bit)\jre\bin\awt.dll
0x732f0000 - 0x73370000 	C:\Windows\system32\uxtheme.dll
0x00720000 - 0x00732000 	C:\Program Files (x86)\4t Tray Minimizer\ShellEh552.dll
0x73110000 - 0x73123000 	C:\Windows\system32\dwmapi.dll
0x726b0000 - 0x726e9000 	C:\Program Files (x86)\Java\jdk1.8.0_45(32bit)\jre\bin\fontmanager.dll
0x72870000 - 0x72885000 	C:\Program Files (x86)\Java\jdk1.8.0_45(32bit)\jre\bin\net.dll
0x71690000 - 0x716cc000 	C:\Windows\system32\mswsock.dll
0x71420000 - 0x71426000 	C:\Windows\System32\wship6.dll
0x72a00000 - 0x72a0f000 	C:\Program Files (x86)\Java\jdk1.8.0_45(32bit)\jre\bin\nio.dll
0x62790000 - 0x627b5000 	C:\Program Files (x86)\Java\jdk1.8.0_45(32bit)\jre\bin\jpeg.dll
0x752d0000 - 0x75353000 	C:\Windows\syswow64\CLBCatQ.DLL
0x731c0000 - 0x732bb000 	C:\Windows\system32\WindowsCodecs.dll
0x6e010000 - 0x6e05c000 	C:\Windows\system32\apphelp.dll
0x6b880000 - 0x6b8b2000 	C:\Users\SH\AppData\Roaming\Dropbox\bin\DropboxExt.28.dll
0x6b7b0000 - 0x6b7e1000 	C:\Windows\system32\EhStorShell.dll
0x6df00000 - 0x6dff5000 	C:\Windows\system32\PROPSYS.dll
0x6b2a0000 - 0x6b310000 	C:\Windows\system32\ntshrui.dll
0x73430000 - 0x73449000 	C:\Windows\system32\srvcli.dll
0x6b790000 - 0x6b79b000 	C:\Windows\system32\cscapi.dll
0x6c2f0000 - 0x6c2fa000 	C:\Windows\system32\slc.dll
0x72f50000 - 0x72f56000 	C:\Windows\system32\IconCodecService.dll
0x72680000 - 0x726b0000 	C:\Program Files (x86)\Java\jdk1.8.0_45(32bit)\jre\bin\t2k.dll
0x71ef0000 - 0x71efa000 	C:\Program Files (x86)\Java\jdk1.8.0_45(32bit)\jre\bin\jsound.dll
0x65680000 - 0x65689000 	C:\Program Files (x86)\Java\jdk1.8.0_45(32bit)\jre\bin\jsoundds.dll
0x64070000 - 0x640e2000 	C:\Windows\system32\DSOUND.dll
0x71e30000 - 0x71e55000 	C:\Windows\system32\POWRPROF.dll
0x6af10000 - 0x6af49000 	C:\Windows\system32\MMDevAPI.DLL
0x724d0000 - 0x72500000 	C:\Windows\system32\wdmaud.drv
0x724c0000 - 0x724c4000 	C:\Windows\system32\ksuser.dll
0x72460000 - 0x72467000 	C:\Windows\system32\AVRT.dll
0x6ada0000 - 0x6add6000 	C:\Windows\system32\AUDIOSES.DLL
0x72430000 - 0x72438000 	C:\Windows\system32\msacm32.drv
0x723d0000 - 0x723e4000 	C:\Windows\system32\MSACM32.dll
0x723b0000 - 0x723b7000 	C:\Windows\system32\midimap.dll
0x6b940000 - 0x6b948000 	C:\Program Files (x86)\GoldenDict\GdTextOutSpy.dll
0x67040000 - 0x6704a000 	C:\Program Files (x86)\GoldenDict\GdTextOutHook.dll
0x716d0000 - 0x717bb000 	C:\Windows\system32\dbghelp.dll

VM Arguments:
jvm_args: -Xdebug -Xrunjdwp:transport=dt_shmem,address=javadebug -Dfile.encoding=UTF-8 
java_command: com.pouria.pchat.ChatFrame server
java_class_path (initial): C:\Program Files\Java\my_libraries\Guava\guava-18.0.jar;C:\Program Files\NetBeans 8.1\java\modules\ext\AbsoluteLayout.jar;C:\Program Files\Java\my_libraries\HttpRequest\HttpRequest.jar;C:\Program Files\Java\my_libraries\SQLite-JDBC\sqlite-jdbc-3.7.2.jar;C:\Users\SH\Documents\NetBeansProjects\Chatman\build\classes
Launcher Type: SUN_STANDARD

Environment Variables:
JAVA_HOME=C:\Program Files (x86)\Java\jdk1.8.0_45(32bit)
CLASSPATH=.;C:\Program Files (x86)\SQLLIB\java\db2java.zip;C:\Program Files (x86)\SQLLIB\java\runtime.zip;C:\Program Files (x86)\SQLLIB\bin
PATH=C:\ProgramData\Oracle\Java\javapath;C:\Program Files (x86)\NVIDIA Corporation\PhysX\Common;C:\Program Files\Common Files\Microsoft Shared\Windows Live;C:\Program Files (x86)\Common Files\Microsoft Shared\Windows Live;C:\Windows\system32;C:\Windows;C:\Windows\System32\Wbem;C:\Windows\System32\WindowsPowerShell\v1.0\;C:\Program Files (x86)\Windows Live\Shared;C:\Program Files (x86)\SQLLIB\BIN;C:\Program Files (x86)\SQLLIB\SAMPLES\REPL;C:\Program Files (x86)\SQLLIB\HELP;C:\PROGRA~2\IBM\IMNNQ;C:\Program Files (x86)\GNU\GnuPG\pub;C:\Program Files\cURL\bin;C:\Program Files (x86)\Common Files\Ulead Systems\MPEG;C:\Program Files (x86)\Skype\Phone\;C:\Program Files\Microsoft Network Monitor 3\;C:\Program Files (x86)\GitExtensions\;C:\ProgramData\Oracle\Java\javapath;C:\Program Files (x86)\NVIDIA Corporation\PhysX\Common;C:\Program Files\Common Files\Microsoft Shared\Windows Live;C:\Program Files (x86)\Common Files\Microsoft Shared\Windows Live;C:\Windows\system32;C:\Windows;C:\Windows\System32\Wbem;C:\Windows\System32\WindowsPowerShell\v1.0\;C:\Program Files (x86)\Windows Live\Shared;C:\Program Files (x86)\SQLLIB\BIN;C:\Program Files (x86)\SQLLIB\SAMPLES\REPL;C:\Program Files (x86)\SQLLIB\HELP;C:\PROGRA~2\IBM\IMNNQ;C:\Program Files\cURL\bin;D:\modeltech64_10.1c\win64;C:\wamp\bin\php\php5.5.12;C:\Program Files (x86)\Nmap;C:\Program Files (x86)\UnixUtils\usr\local\wbin;C:\Console2;c:\program files (x86)\notepad++;
USERNAME=SH
OS=Windows_NT
PROCESSOR_IDENTIFIER=Intel64 Family 6 Model 42 Stepping 7, GenuineIntel



---------------  S Y S T E M  ---------------

OS: Windows 7 , 64 bit Build 7601 (6.1.7601.18015)

CPU:total 4 (2 cores per cpu, 2 threads per core) family 6 model 42 stepping 7, cmov, cx8, fxsr, mmx, sse, sse2, sse3, ssse3, sse4.1, sse4.2, popcnt, avx, clmul, ht, tsc, tscinvbit

Memory: 4k page, physical 4102876k(853156k free), swap 8203888k(4456984k free)

vm_info: Java HotSpot(TM) Client VM (25.45-b02) for windows-x86 JRE (1.8.0_45-b14), built on Apr 10 2015 10:46:40 by "java_re" with MS VC++ 10.0 (VS2010)

time: Wed Mar 02 00:32:53 2016
elapsed time: 15 seconds (0d 0h 0m 15s)

