#
# A fatal error has been detected by the Java Runtime Environment:
#
#  EXCEPTION_ACCESS_VIOLATION (0xc0000005) at pc=0x769561ec, pid=2552, tid=4544
#
# JRE version: Java(TM) SE Runtime Environment (8.0_45-b14) (build 1.8.0_45-b14)
# Java VM: Java HotSpot(TM) Client VM (25.45-b02 mixed mode, sharing windows-x86 )
# Problematic frame:
# C  [USER32.dll+0x261ec]
#
# Failed to write core dump. Minidumps are not enabled by default on client versions of Windows
#
# If you would like to submit a bug report, please visit:
#   http://bugreport.java.com/bugreport/crash.jsp
# The crash happened outside the Java Virtual Machine in native code.
# See problematic frame for where to report the bug.
#

---------------  T H R E A D  ---------------

Current thread (0x05e31c00):  JavaThread "AWT-EventQueue-0" [_thread_in_native, id=4544, stack(0x06cb0000,0x06d00000)]

siginfo: ExceptionCode=0xc0000005, ExceptionInformation=0x00000008 0x769561ec

Registers:
EAX=0x00000001, EBX=0x00000001, ECX=0x06cfd980, EDX=0x06cfd99c
ESP=0x06cfd918, EBP=0x06cfd934, ESI=0x07e4e2b0, EDI=0x05e31d40
EIP=0x769561ec, EFLAGS=0x00210202

Top of Stack: (sp=0x06cfd918)
0x06cfd918:   767ec3f7 00000000 00000000 06cfdb70
0x06cfd928:   00000001 05e31c00 00000002 06cfd958
0x06cfd938:   767ec587 250115f0 06cfd99c 00000001
0x06cfd948:   6b4cb560 06cfd974 00000003 00000001
0x06cfd958:   06cfda1c 6b4cb651 250115f0 06cfd980
0x06cfd968:   6b4cb560 06cfd974 00000000 07e4e270
0x06cfd978:   07e4e2b0 00000000 00000000 00000000
0x06cfd988:   00000000 00000000 00000000 01000000 

Instructions: (pc=0x769561ec)
0x769561cc:   00 00 0f 87 20 82 00 00 ff 75 14 ff 75 10 50 ff
0x769561dc:   75 08 e8 b2 08 ff ff 5d c2 10 00 90 90 90 90 90
0x769561ec:   64 a1 18 00 00 00 8b 80 70 0f 00 00 83 78 78 00
0x769561fc:   0f 84 11 a3 02 00 64 a1 18 00 00 00 8b 80 70 0f 


Register to memory mapping:

EAX=0x00000001 is an unknown value
EBX=0x00000001 is an unknown value
ECX=0x06cfd980 is pointing into the stack for thread: 0x05e31c00
EDX=0x06cfd99c is pointing into the stack for thread: 0x05e31c00
ESP=0x06cfd918 is pointing into the stack for thread: 0x05e31c00
EBP=0x06cfd934 is pointing into the stack for thread: 0x05e31c00
ESI=0x07e4e2b0 is an unknown value
EDI=0x05e31d40 is an unknown value


Stack: [0x06cb0000,0x06d00000],  sp=0x06cfd918,  free space=310k
Native frames: (J=compiled Java code, j=interpreted, Vv=VM code, C=native code)
C  [USER32.dll+0x261ec]
C  [GDI32.dll+0x1c587]
C  [fontmanager.dll+0x1b651]
C  [GDI32.dll+0x1c587]
C  [fontmanager.dll+0x1b993]

Java frames: (J=compiled Java code, j=interpreted, Vv=VM code)
j  sun.awt.Win32FontManager.populateFontFileNameMap0(Ljava/util/HashMap;Ljava/util/HashMap;Ljava/util/HashMap;Ljava/util/Locale;)V+0
j  sun.awt.Win32FontManager.populateFontFileNameMap(Ljava/util/HashMap;Ljava/util/HashMap;Ljava/util/HashMap;Ljava/util/Locale;)V+5
j  sun.font.SunFontManager.getFullNameToFileMap()Ljava/util/HashMap;+73
j  sun.font.SunFontManager.findFontFromPlatform(Ljava/lang/String;I)Lsun/font/Font2D;+1
j  sun.font.SunFontManager.findFont2D(Ljava/lang/String;II)Lsun/font/Font2D;+521
j  java.awt.Font.getFont2D()Lsun/font/Font2D;+86
j  java.awt.Font.access$000(Ljava/awt/Font;)Lsun/font/Font2D;+1
j  java.awt.Font$FontAccessImpl.getFont2D(Ljava/awt/Font;)Lsun/font/Font2D;+1
j  sun.font.FontUtilities.getFont2D(Ljava/awt/Font;)Lsun/font/Font2D;+4
j  sun.font.FontDesignMetrics.initMatrixAndMetrics()V+4
j  sun.font.FontDesignMetrics.<init>(Ljava/awt/Font;Ljava/awt/font/FontRenderContext;)V+62
j  sun.font.FontDesignMetrics.getMetrics(Ljava/awt/Font;Ljava/awt/font/FontRenderContext;)Lsun/font/FontDesignMetrics;+128
j  sun.swing.SwingUtilities2.getFontMetrics(Ljavax/swing/JComponent;Ljava/awt/Font;)Ljava/awt/FontMetrics;+15
j  javax.swing.JComponent.getFontMetrics(Ljava/awt/Font;)Ljava/awt/FontMetrics;+2
j  sun.swing.SwingUtilities2.getFontMetrics(Ljavax/swing/JComponent;Ljava/awt/Graphics;Ljava/awt/Font;)Ljava/awt/FontMetrics;+6
j  sun.swing.SwingUtilities2.getFontMetrics(Ljavax/swing/JComponent;Ljava/awt/Graphics;)Ljava/awt/FontMetrics;+6
j  javax.swing.plaf.basic.BasicLabelUI.paint(Ljava/awt/Graphics;Ljavax/swing/JComponent;)V+44
j  javax.swing.plaf.ComponentUI.update(Ljava/awt/Graphics;Ljavax/swing/JComponent;)V+32
j  javax.swing.JComponent.paintComponent(Ljava/awt/Graphics;)V+26
j  javax.swing.JComponent.paint(Ljava/awt/Graphics;)V+286
j  javax.swing.JComponent.paintChildren(Ljava/awt/Graphics;)V+501
j  javax.swing.JComponent.paint(Ljava/awt/Graphics;)V+318
j  javax.swing.JComponent.paintChildren(Ljava/awt/Graphics;)V+501
j  javax.swing.JComponent.paint(Ljava/awt/Graphics;)V+318
j  javax.swing.JLayeredPane.paint(Ljava/awt/Graphics;)V+73
j  javax.swing.JComponent.paintChildren(Ljava/awt/Graphics;)V+501
j  javax.swing.JComponent.paintToOffscreen(Ljava/awt/Graphics;IIIIII)V+72
j  javax.swing.RepaintManager$PaintManager.paintDoubleBuffered(Ljavax/swing/JComponent;Ljava/awt/Image;Ljava/awt/Graphics;IIII)V+163
j  javax.swing.RepaintManager$PaintManager.paint(Ljavax/swing/JComponent;Ljavax/swing/JComponent;Ljava/awt/Graphics;IIII)Z+116
j  javax.swing.RepaintManager.paint(Ljavax/swing/JComponent;Ljavax/swing/JComponent;Ljava/awt/Graphics;IIII)V+51
j  javax.swing.JComponent.paint(Ljava/awt/Graphics;)V+221
j  java.awt.GraphicsCallback$PaintCallback.run(Ljava/awt/Component;Ljava/awt/Graphics;)V+2
j  sun.awt.SunGraphicsCallback.runOneComponent(Ljava/awt/Component;Ljava/awt/Rectangle;Ljava/awt/Graphics;Ljava/awt/Shape;I)V+155
j  sun.awt.SunGraphicsCallback.runComponents([Ljava/awt/Component;Ljava/awt/Graphics;I)V+194
j  java.awt.Container.paint(Ljava/awt/Graphics;)V+58
j  java.awt.Window.paint(Ljava/awt/Graphics;)V+68
j  javax.swing.RepaintManager$4.run()Ljava/lang/Void;+142
j  javax.swing.RepaintManager$4.run()Ljava/lang/Object;+1
v  ~StubRoutines::call_stub
j  java.security.AccessController.doPrivileged(Ljava/security/PrivilegedAction;Ljava/security/AccessControlContext;)Ljava/lang/Object;+0
j  java.security.ProtectionDomain$1.doIntersectionPrivilege(Ljava/security/PrivilegedAction;Ljava/security/AccessControlContext;Ljava/security/AccessControlContext;)Ljava/lang/Object;+28
j  javax.swing.RepaintManager.paintDirtyRegions(Ljava/util/Map;)V+154
j  javax.swing.RepaintManager.paintDirtyRegions()V+46
j  javax.swing.RepaintManager.prePaintDirtyRegions()V+73
j  javax.swing.RepaintManager.access$1300(Ljavax/swing/RepaintManager;)V+1
j  javax.swing.RepaintManager$ProcessingRunnable.run()V+37
j  java.awt.event.InvocationEvent.dispatch()V+47
j  java.awt.EventQueue.dispatchEventImpl(Ljava/awt/AWTEvent;Ljava/lang/Object;)V+21
j  java.awt.EventQueue.access$500(Ljava/awt/EventQueue;Ljava/awt/AWTEvent;Ljava/lang/Object;)V+3
j  java.awt.EventQueue$3.run()Ljava/lang/Void;+32
j  java.awt.EventQueue$3.run()Ljava/lang/Object;+1
v  ~StubRoutines::call_stub
j  java.security.AccessController.doPrivileged(Ljava/security/PrivilegedAction;Ljava/security/AccessControlContext;)Ljava/lang/Object;+0
j  java.security.ProtectionDomain$1.doIntersectionPrivilege(Ljava/security/PrivilegedAction;Ljava/security/AccessControlContext;Ljava/security/AccessControlContext;)Ljava/lang/Object;+28
j  java.awt.EventQueue.dispatchEvent(Ljava/awt/AWTEvent;)V+46
j  java.awt.EventDispatchThread.pumpOneEventForFilters(I)V+245
j  java.awt.EventDispatchThread.pumpEventsForFilter(ILjava/awt/Conditional;Ljava/awt/EventFilter;)V+35
j  java.awt.EventDispatchThread.pumpEventsForHierarchy(ILjava/awt/Conditional;Ljava/awt/Component;)V+11
j  java.awt.EventDispatchThread.pumpEvents(ILjava/awt/Conditional;)V+4
j  java.awt.EventDispatchThread.pumpEvents(Ljava/awt/Conditional;)V+3
j  java.awt.EventDispatchThread.run()V+9
v  ~StubRoutines::call_stub

---------------  P R O C E S S  ---------------

Java Threads: ( => current thread )
  0x06fa0400 JavaThread "Direct Clip" daemon [_thread_blocked, id=8012, stack(0x08ad0000,0x08b20000)]
  0x06f9c400 JavaThread "Java Sound Event Dispatcher" daemon [_thread_blocked, id=7720, stack(0x07f20000,0x07f70000)]
  0x06f3b800 JavaThread "Thread-2" [_thread_in_native, id=5940, stack(0x080f0000,0x08140000)]
  0x06f3ac00 JavaThread "TimerQueue" daemon [_thread_blocked, id=4088, stack(0x08080000,0x080d0000)]
  0x05e57800 JavaThread "Image Fetcher 0" daemon [_thread_blocked, id=6224, stack(0x05230000,0x05280000)]
  0x00cdcc00 JavaThread "DestroyJavaVM" [_thread_blocked, id=6556, stack(0x023a0000,0x023f0000)]
=>0x05e31c00 JavaThread "AWT-EventQueue-0" [_thread_in_native, id=4544, stack(0x06cb0000,0x06d00000)]
  0x05e28400 JavaThread "AWT-Windows" daemon [_thread_in_native, id=1896, stack(0x06310000,0x06360000)]
  0x05e27000 JavaThread "AWT-Shutdown" [_thread_blocked, id=8072, stack(0x05c60000,0x05cb0000)]
  0x05e24400 JavaThread "Java2D Disposer" daemon [_thread_blocked, id=5912, stack(0x06270000,0x062c0000)]
  0x00da3800 JavaThread "Service Thread" daemon [_thread_blocked, id=3196, stack(0x05930000,0x05980000)]
  0x00da2000 JavaThread "C1 CompilerThread0" daemon [_thread_blocked, id=8116, stack(0x05bd0000,0x05c20000)]
  0x00da0800 JavaThread "Attach Listener" daemon [_thread_blocked, id=6932, stack(0x059e0000,0x05a30000)]
  0x00d8f400 JavaThread "Signal Dispatcher" daemon [_thread_blocked, id=7684, stack(0x05b30000,0x05b80000)]
  0x00d24800 JavaThread "Finalizer" daemon [_thread_blocked, id=5716, stack(0x05280000,0x052d0000)]
  0x00d22c00 JavaThread "Reference Handler" daemon [_thread_blocked, id=2716, stack(0x051c0000,0x05210000)]

Other Threads:
  0x00d21800 VMThread [stack: 0x058e0000,0x05930000] [id=8128]
  0x00dc9800 WatcherThread [stack: 0x05cb0000,0x05d00000] [id=4696]

VM state:not at safepoint (normal execution)

VM Mutex/Monitor currently owned by a thread: None

Heap:
 def new generation   total 4928K, used 2346K [0x0f200000, 0x0f750000, 0x14750000)
  eden space 4416K,  42% used [0x0f200000, 0x0f3d8b48, 0x0f650000)
  from space 512K,  89% used [0x0f650000, 0x0f6c20a8, 0x0f6d0000)
  to   space 512K,   0% used [0x0f6d0000, 0x0f6d0000, 0x0f750000)
 tenured generation   total 10944K, used 5947K [0x14750000, 0x15200000, 0x1f200000)
   the space 10944K,  54% used [0x14750000, 0x14d1ed80, 0x14d1ee00, 0x15200000)
 Metaspace       used 2532K, capacity 2735K, committed 2752K, reserved 4480K

Card table byte_map: [0x022d0000,0x02360000] byte_map_base: 0x02257000

Polling page: 0x00160000

CodeCache: size=32768Kb used=1161Kb max_used=1167Kb free=31606Kb
 bounds [0x026c0000, 0x027e8000, 0x046c0000]
 total_blobs=527 nmethods=287 adapters=171
 compilation: enabled

Compilation events (10 events):
Event: 2.339 Thread 0x00da2000  285             java.util.HashMap::containsKey (18 bytes)
Event: 2.339 Thread 0x00da2000 nmethod 285 0x02779b88 code [0x02779c90, 0x02779d88]
Event: 2.341 Thread 0x00da2000  286             java.util.ArrayList::ensureCapacityInternal (23 bytes)
Event: 2.341 Thread 0x00da2000 nmethod 286 0x02779908 code [0x02779a10, 0x02779adc]
Event: 2.341 Thread 0x00da2000  287             java.util.ArrayList::ensureExplicitCapacity (26 bytes)
Event: 2.341 Thread 0x00da2000 nmethod 287 0x027796c8 code [0x027797d0, 0x0277987c]
Event: 2.341 Thread 0x00da2000  288             java.util.ArrayList::add (29 bytes)
Event: 2.342 Thread 0x00da2000 nmethod 288 0x02779308 code [0x02779410, 0x0277957c]
Event: 2.347 Thread 0x00da2000  289             java.util.AbstractList::<init> (10 bytes)
Event: 2.347 Thread 0x00da2000 nmethod 289 0x02779148 code [0x02779240, 0x027792c0]

GC Heap History (8 events):
Event: 0.370 GC heap before
{Heap before GC invocations=0 (full 0):
 def new generation   total 4928K, used 4416K [0x0f200000, 0x0f750000, 0x14750000)
  eden space 4416K, 100% used [0x0f200000, 0x0f650000, 0x0f650000)
  from space 512K,   0% used [0x0f650000, 0x0f650000, 0x0f6d0000)
  to   space 512K,   0% used [0x0f6d0000, 0x0f6d0000, 0x0f750000)
 tenured generation   total 10944K, used 0K [0x14750000, 0x15200000, 0x1f200000)
   the space 10944K,   0% used [0x14750000, 0x14750000, 0x14750200, 0x15200000)
 Metaspace       used 1280K, capacity 2560K, committed 2624K, reserved 4480K
Event: 0.376 GC heap after
Heap after GC invocations=1 (full 0):
 def new generation   total 4928K, used 512K [0x0f200000, 0x0f750000, 0x14750000)
  eden space 4416K,   0% used [0x0f200000, 0x0f200000, 0x0f650000)
  from space 512K, 100% used [0x0f6d0000, 0x0f750000, 0x0f750000)
  to   space 512K,   0% used [0x0f650000, 0x0f650000, 0x0f6d0000)
 tenured generation   total 10944K, used 1112K [0x14750000, 0x15200000, 0x1f200000)
   the space 10944K,  10% used [0x14750000, 0x148662c8, 0x14866400, 0x15200000)
 Metaspace       used 1280K, capacity 2560K, committed 2624K, reserved 4480K
}
Event: 0.471 GC heap before
{Heap before GC invocations=1 (full 0):
 def new generation   total 4928K, used 4432K [0x0f200000, 0x0f750000, 0x14750000)
  eden space 4416K,  88% used [0x0f200000, 0x0f5d43f0, 0x0f650000)
  from space 512K, 100% used [0x0f6d0000, 0x0f750000, 0x0f750000)
  to   space 512K,   0% used [0x0f650000, 0x0f650000, 0x0f6d0000)
 tenured generation   total 10944K, used 1112K [0x14750000, 0x15200000, 0x1f200000)
   the space 10944K,  10% used [0x14750000, 0x148662c8, 0x14866400, 0x15200000)
 Metaspace       used 1691K, capacity 2560K, committed 2624K, reserved 4480K
Event: 0.478 GC heap after
Heap after GC invocations=2 (full 0):
 def new generation   total 4928K, used 467K [0x0f200000, 0x0f750000, 0x14750000)
  eden space 4416K,   0% used [0x0f200000, 0x0f200000, 0x0f650000)
  from space 512K,  91% used [0x0f650000, 0x0f6c4cf0, 0x0f6d0000)
  to   space 512K,   0% used [0x0f6d0000, 0x0f6d0000, 0x0f750000)
 tenured generation   total 10944K, used 3021K [0x14750000, 0x15200000, 0x1f200000)
   the space 10944K,  27% used [0x14750000, 0x14a435b8, 0x14a43600, 0x15200000)
 Metaspace       used 1691K, capacity 2560K, committed 2624K, reserved 4480K
}
Event: 0.630 GC heap before
{Heap before GC invocations=2 (full 0):
 def new generation   total 4928K, used 4157K [0x0f200000, 0x0f750000, 0x14750000)
  eden space 4416K,  83% used [0x0f200000, 0x0f59a760, 0x0f650000)
  from space 512K,  91% used [0x0f650000, 0x0f6c4cf0, 0x0f6d0000)
  to   space 512K,   0% used [0x0f6d0000, 0x0f6d0000, 0x0f750000)
 tenured generation   total 10944K, used 3021K [0x14750000, 0x15200000, 0x1f200000)
   the space 10944K,  27% used [0x14750000, 0x14a435b8, 0x14a43600, 0x15200000)
 Metaspace       used 1903K, capacity 2725K, committed 2752K, reserved 4480K
Event: 0.634 GC heap after
Heap after GC invocations=3 (full 0):
 def new generation   total 4928K, used 341K [0x0f200000, 0x0f750000, 0x14750000)
  eden space 4416K,   0% used [0x0f200000, 0x0f200000, 0x0f650000)
  from space 512K,  66% used [0x0f6d0000, 0x0f7255e0, 0x0f750000)
  to   space 512K,   0% used [0x0f650000, 0x0f650000, 0x0f6d0000)
 tenured generation   total 10944K, used 4641K [0x14750000, 0x15200000, 0x1f200000)
   the space 10944K,  42% used [0x14750000, 0x14bd87f8, 0x14bd8800, 0x15200000)
 Metaspace       used 1903K, capacity 2725K, committed 2752K, reserved 4480K
}
Event: 2.290 GC heap before
{Heap before GC invocations=3 (full 0):
 def new generation   total 4928K, used 4044K [0x0f200000, 0x0f750000, 0x14750000)
  eden space 4416K,  83% used [0x0f200000, 0x0f59da50, 0x0f650000)
  from space 512K,  66% used [0x0f6d0000, 0x0f7255e0, 0x0f750000)
  to   space 512K,   0% used [0x0f650000, 0x0f650000, 0x0f6d0000)
 tenured generation   total 10944K, used 4641K [0x14750000, 0x15200000, 0x1f200000)
   the space 10944K,  42% used [0x14750000, 0x14bd87f8, 0x14bd8800, 0x15200000)
 Metaspace       used 2514K, capacity 2735K, committed 2752K, reserved 4480K
Event: 2.301 GC heap after
Heap after GC invocations=4 (full 0):
 def new generation   total 4928K, used 456K [0x0f200000, 0x0f750000, 0x14750000)
  eden space 4416K,   0% used [0x0f200000, 0x0f200000, 0x0f650000)
  from space 512K,  89% used [0x0f650000, 0x0f6c20a8, 0x0f6d0000)
  to   space 512K,   0% used [0x0f6d0000, 0x0f6d0000, 0x0f750000)
 tenured generation   total 10944K, used 5947K [0x14750000, 0x15200000, 0x1f200000)
   the space 10944K,  54% used [0x14750000, 0x14d1ed80, 0x14d1ee00, 0x15200000)
 Metaspace       used 2514K, capacity 2735K, committed 2752K, reserved 4480K
}

Deoptimization events (0 events):
No events

Internal exceptions (10 events):
Event: 0.033 Thread 0x00cdcc00 Exception <a 'java/lang/NoSuchMethodError': Method sun.misc.Unsafe.defineClass(Ljava/lang/String;[BII)Ljava/lang/Class; name or signature does not match> (0x0f211308) thrown at [C:\re\workspace\8-2-build-windows-i586-cygwin\jdk8u45\3457\hotspot\src\share\v(-£)]*¡?
Event: 0.034 Thread 0x00cdcc00 Exception <a 'java/lang/NoSuchMethodError': Method sun.misc.Unsafe.prefetchRead(Ljava/lang/Object;J)V name or signature does not match> (0x0f211588) thrown at [C:\re\workspace\8-2-build-windows-i586-cygwin\jdk8u45\3457\hotspot\src\share\vm\prims\jni.cpp, l-üÞVµÄ?
Event: 0.162 Thread 0x00cdcc00 Exception <a 'java/security/PrivilegedActionException'> (0x0f31f0c0) thrown at [C:\re\workspace\8-2-build-windows-i586-cygwin\jdk8u45\3457\hotspot\src\share\vm\prims\jvm.cpp, line 1382]
Event: 0.162 Thread 0x00cdcc00 Exception <a 'java/security/PrivilegedActionException'> (0x0f31f270) thrown at [C:\re\workspace\8-2-build-windows-i586-cygwin\jdk8u45\3457\hotspot\src\share\vm\prims\jvm.cpp, line 1382]
Event: 0.163 Thread 0x00cdcc00 Exception <a 'java/security/PrivilegedActionException'> (0x0f323700) thrown at [C:\re\workspace\8-2-build-windows-i586-cygwin\jdk8u45\3457\hotspot\src\share\vm\prims\jvm.cpp, line 1382]
Event: 0.163 Thread 0x00cdcc00 Exception <a 'java/security/PrivilegedActionException'> (0x0f3238b0) thrown at [C:\re\workspace\8-2-build-windows-i586-cygwin\jdk8u45\3457\hotspot\src\share\vm\prims\jvm.cpp, line 1382]
Event: 0.166 Thread 0x00cdcc00 Exception <a 'java/io/FileNotFoundException'> (0x0f325a30) thrown at [C:\re\workspace\8-2-build-windows-i586-cygwin\jdk8u45\3457\hotspot\src\share\vm\prims\jni.cpp, line 709]
Event: 0.226 Thread 0x00cdcc00 Exception <a 'java/lang/NoSuchFieldError': method resolution failed> (0x0f3f6b08) thrown at [C:\re\workspace\8-2-build-windows-i586-cygwin\jdk8u45\3457\hotspot\src\share\vm\prims\methodHandles.cpp, line 1125]
Event: 0.228 Thread 0x00cdcc00 Exception <a 'java/lang/NoSuchFieldError': method resolution failed> (0x0f403fa0) thrown at [C:\re\workspace\8-2-build-windows-i586-cygwin\jdk8u45\3457\hotspot\src\share\vm\prims\methodHandles.cpp, line 1125]
Event: 0.270 Thread 0x00cdcc00 Exception <a 'java/io/FileNotFoundException'> (0x0f4d1c98) thrown at [C:\re\workspace\8-2-build-windows-i586-cygwin\jdk8u45\3457\hotspot\src\share\vm\prims\jni.cpp, line 709]

Events (10 events):
Event: 2.302 loading class com/sun/java/swing/plaf/windows/AnimationController
Event: 2.302 loading class com/sun/java/swing/plaf/windows/AnimationController done
Event: 2.303 loading class com/sun/java/swing/plaf/windows/AnimationController$PartUIClientPropertyKey
Event: 2.303 loading class com/sun/java/swing/plaf/windows/AnimationController$PartUIClientPropertyKey done
Event: 2.303 loading class sun/swing/ImageCache$Entry
Event: 2.303 loading class sun/swing/ImageCache$Entry done
Event: 2.308 loading class com/sun/java/swing/plaf/windows/WindowsGraphicsUtils
Event: 2.308 loading class com/sun/java/swing/plaf/windows/WindowsGraphicsUtils done
Event: 2.310 loading class sun/font/NativeFont
Event: 2.310 loading class sun/font/NativeFont done


Dynamic libraries:
0x00e20000 - 0x00e53000 	C:\Program Files (x86)\Java\jdk1.8.0_45(32bit)\bin\java.exe
0x774d0000 - 0x77650000 	C:\Windows\SysWOW64\ntdll.dll
0x766c0000 - 0x767d0000 	C:\Windows\syswow64\kernel32.dll
0x76000000 - 0x76047000 	C:\Windows\syswow64\KERNELBASE.dll
0x75f30000 - 0x75fd0000 	C:\Windows\syswow64\ADVAPI32.dll
0x761b0000 - 0x7625c000 	C:\Windows\syswow64\msvcrt.dll
0x76910000 - 0x76929000 	C:\Windows\SysWOW64\sechost.dll
0x76b20000 - 0x76c10000 	C:\Windows\syswow64\RPCRT4.dll
0x74bb0000 - 0x74c10000 	C:\Windows\syswow64\SspiCli.dll
0x74ba0000 - 0x74bac000 	C:\Windows\syswow64\CRYPTBASE.dll
0x76930000 - 0x76a30000 	C:\Windows\syswow64\USER32.dll
0x767d0000 - 0x76860000 	C:\Windows\syswow64\GDI32.dll
0x75ac0000 - 0x75aca000 	C:\Windows\syswow64\LPK.dll
0x76620000 - 0x766bd000 	C:\Windows\syswow64\USP10.dll
0x72650000 - 0x727ee000 	C:\Windows\WinSxS\x86_microsoft.windows.common-controls_6595b64144ccf1df_6.0.7601.17514_none_41e6975e2bd6f2b2\COMCTL32.dll
0x76460000 - 0x764b7000 	C:\Windows\syswow64\SHLWAPI.dll
0x768b0000 - 0x76910000 	C:\Windows\system32\IMM32.DLL
0x764c0000 - 0x7658c000 	C:\Windows\syswow64\MSCTF.dll
0x72240000 - 0x7226e000 	C:\Windows\SysWOW64\nvinit.dll
0x72230000 - 0x72239000 	C:\Windows\system32\VERSION.dll
0x0f000000 - 0x0f006000 	C:\Program Files (x86)\NVIDIA Corporation\CoProcManager\detoured.dll
0x72130000 - 0x7215b000 	C:\Program Files (x86)\NVIDIA Corporation\CoProcManager\nvd3d9wrap.dll
0x762c0000 - 0x7645d000 	C:\Windows\syswow64\SETUPAPI.dll
0x76290000 - 0x762b7000 	C:\Windows\syswow64\CFGMGR32.dll
0x75880000 - 0x7590f000 	C:\Windows\syswow64\OLEAUT32.dll
0x75db0000 - 0x75f0c000 	C:\Windows\syswow64\ole32.dll
0x74c10000 - 0x74c22000 	C:\Windows\syswow64\DEVOBJ.dll
0x72210000 - 0x7222f000 	C:\Program Files (x86)\NVIDIA Corporation\CoProcManager\nvdxgiwrap.dll
0x6b180000 - 0x6b23f000 	C:\Program Files (x86)\Java\jdk1.8.0_45(32bit)\jre\bin\msvcr100.dll
0x6abf0000 - 0x6afb0000 	C:\Program Files (x86)\Java\jdk1.8.0_45(32bit)\jre\bin\client\jvm.dll
0x6ee30000 - 0x6ee37000 	C:\Windows\system32\WSOCK32.dll
0x76170000 - 0x761a5000 	C:\Windows\syswow64\WS2_32.dll
0x75990000 - 0x75996000 	C:\Windows\syswow64\NSI.dll
0x71fa0000 - 0x71fd2000 	C:\Windows\system32\WINMM.dll
0x75f10000 - 0x75f15000 	C:\Windows\syswow64\PSAPI.DLL
0x73330000 - 0x7333c000 	C:\Program Files (x86)\Java\jdk1.8.0_45(32bit)\jre\bin\verify.dll
0x73300000 - 0x73321000 	C:\Program Files (x86)\Java\jdk1.8.0_45(32bit)\jre\bin\java.dll
0x732e0000 - 0x732f3000 	C:\Program Files (x86)\Java\jdk1.8.0_45(32bit)\jre\bin\zip.dll
0x74c30000 - 0x7587a000 	C:\Windows\syswow64\SHELL32.dll
0x71960000 - 0x7196b000 	C:\Windows\system32\profapi.dll
0x6aaa0000 - 0x6abe5000 	C:\Program Files (x86)\Java\jdk1.8.0_45(32bit)\jre\bin\awt.dll
0x72160000 - 0x721e0000 	C:\Windows\system32\uxtheme.dll
0x002c0000 - 0x002d2000 	C:\Program Files (x86)\4t Tray Minimizer\ShellEh552.dll
0x71f80000 - 0x71f93000 	C:\Windows\system32\dwmapi.dll
0x6b4b0000 - 0x6b4e9000 	C:\Program Files (x86)\Java\jdk1.8.0_45(32bit)\jre\bin\fontmanager.dll
0x732c0000 - 0x732d5000 	C:\Program Files (x86)\Java\jdk1.8.0_45(32bit)\jre\bin\net.dll
0x71a00000 - 0x71a3c000 	C:\Windows\system32\mswsock.dll
0x715a0000 - 0x715a6000 	C:\Windows\System32\wship6.dll
0x73340000 - 0x7334f000 	C:\Program Files (x86)\Java\jdk1.8.0_45(32bit)\jre\bin\nio.dll
0x6b480000 - 0x6b4a5000 	C:\Program Files (x86)\Java\jdk1.8.0_45(32bit)\jre\bin\jpeg.dll
0x76590000 - 0x76613000 	C:\Windows\syswow64\CLBCatQ.DLL
0x72030000 - 0x7212b000 	C:\Windows\system32\WindowsCodecs.dll
0x6d8e0000 - 0x6d92c000 	C:\Windows\system32\apphelp.dll
0x71ff0000 - 0x72022000 	C:\Users\SH\AppData\Roaming\Dropbox\bin\DropboxExt.28.dll
0x6c4b0000 - 0x6c4e1000 	C:\Windows\system32\EhStorShell.dll
0x6e2c0000 - 0x6e3b5000 	C:\Windows\system32\PROPSYS.dll
0x6c3d0000 - 0x6c440000 	C:\Windows\system32\ntshrui.dll
0x722a0000 - 0x722b9000 	C:\Windows\system32\srvcli.dll
0x721f0000 - 0x721fb000 	C:\Windows\system32\cscapi.dll
0x6c660000 - 0x6c66a000 	C:\Windows\system32\slc.dll
0x721e0000 - 0x721e6000 	C:\Windows\system32\IconCodecService.dll
0x730d0000 - 0x73100000 	C:\Program Files (x86)\Java\jdk1.8.0_45(32bit)\jre\bin\t2k.dll
0x73250000 - 0x7325a000 	C:\Program Files (x86)\Java\jdk1.8.0_45(32bit)\jre\bin\jsound.dll
0x73240000 - 0x73249000 	C:\Program Files (x86)\Java\jdk1.8.0_45(32bit)\jre\bin\jsoundds.dll
0x63820000 - 0x63892000 	C:\Windows\system32\DSOUND.dll
0x738c0000 - 0x738e5000 	C:\Windows\system32\POWRPROF.dll
0x735c0000 - 0x735f9000 	C:\Windows\system32\MMDevAPI.DLL
0x73110000 - 0x73140000 	C:\Windows\system32\wdmaud.drv
0x73100000 - 0x73104000 	C:\Windows\system32\ksuser.dll
0x73050000 - 0x73057000 	C:\Windows\system32\AVRT.dll
0x733e0000 - 0x73416000 	C:\Windows\system32\AUDIOSES.DLL
0x73040000 - 0x73048000 	C:\Windows\system32\msacm32.drv
0x72fd0000 - 0x72fe4000 	C:\Windows\system32\MSACM32.dll
0x72fc0000 - 0x72fc7000 	C:\Windows\system32\midimap.dll
0x6b940000 - 0x6b948000 	C:\Program Files (x86)\GoldenDict\GdTextOutSpy.dll
0x67040000 - 0x6704a000 	C:\Program Files (x86)\GoldenDict\GdTextOutHook.dll
0x71a70000 - 0x71b5b000 	C:\Windows\system32\dbghelp.dll

VM Arguments:
jvm_args: -Dfile.encoding=UTF-8 
java_command: com.pouria.pchat.ChatFrame server
java_class_path (initial): C:\Program Files\Java\my_libraries\Guava\guava-18.0.jar;C:\Program Files\NetBeans 8.1\java\modules\ext\AbsoluteLayout.jar;C:\Program Files\Java\my_libraries\HttpRequest\HttpRequest.jar;C:\Program Files\Java\my_libraries\SQLite-JDBC\sqlite-jdbc-3.7.2.jar;C:\Users\SH\Documents\NetBeansProjects\Chatman\build\classes
Launcher Type: SUN_STANDARD

Environment Variables:
JAVA_HOME=C:\Program Files (x86)\Java\jdk1.8.0_45(32bit)
CLASSPATH=.;C:\Program Files (x86)\SQLLIB\java\db2java.zip;C:\Program Files (x86)\SQLLIB\java\runtime.zip;C:\Program Files (x86)\SQLLIB\bin
PATH=C:\ProgramData\Oracle\Java\javapath;C:\Program Files (x86)\NVIDIA Corporation\PhysX\Common;C:\Program Files\Common Files\Microsoft Shared\Windows Live;C:\Program Files (x86)\Common Files\Microsoft Shared\Windows Live;C:\Windows\system32;C:\Windows;C:\Windows\System32\Wbem;C:\Windows\System32\WindowsPowerShell\v1.0\;C:\Program Files (x86)\Windows Live\Shared;C:\Program Files (x86)\SQLLIB\BIN;C:\Program Files (x86)\SQLLIB\SAMPLES\REPL;C:\Program Files (x86)\SQLLIB\HELP;C:\PROGRA~2\IBM\IMNNQ;C:\Program Files (x86)\GNU\GnuPG\pub;C:\Program Files\cURL\bin;C:\Program Files (x86)\Common Files\Ulead Systems\MPEG;C:\Program Files (x86)\Skype\Phone\;C:\Program Files\Microsoft Network Monitor 3\;C:\Program Files (x86)\GitExtensions\;C:\ProgramData\Oracle\Java\javapath;C:\Program Files (x86)\NVIDIA Corporation\PhysX\Common;C:\Program Files\Common Files\Microsoft Shared\Windows Live;C:\Program Files (x86)\Common Files\Microsoft Shared\Windows Live;C:\Windows\system32;C:\Windows;C:\Windows\System32\Wbem;C:\Windows\System32\WindowsPowerShell\v1.0\;C:\Program Files (x86)\Windows Live\Shared;C:\Program Files (x86)\SQLLIB\BIN;C:\Program Files (x86)\SQLLIB\SAMPLES\REPL;C:\Program Files (x86)\SQLLIB\HELP;C:\PROGRA~2\IBM\IMNNQ;C:\Program Files\cURL\bin;D:\modeltech64_10.1c\win64;C:\wamp\bin\php\php5.5.12;C:\Program Files (x86)\Nmap;C:\Program Files (x86)\UnixUtils\usr\local\wbin;C:\Console2;c:\program files (x86)\notepad++;
USERNAME=SH
OS=Windows_NT
PROCESSOR_IDENTIFIER=Intel64 Family 6 Model 42 Stepping 7, GenuineIntel



---------------  S Y S T E M  ---------------

OS: Windows 7 , 64 bit Build 7601 (6.1.7601.18015)

CPU:total 4 (2 cores per cpu, 2 threads per core) family 6 model 42 stepping 7, cmov, cx8, fxsr, mmx, sse, sse2, sse3, ssse3, sse4.1, sse4.2, popcnt, avx, clmul, ht, tsc, tscinvbit

Memory: 4k page, physical 4102876k(961820k free), swap 8203888k(4374188k free)

vm_info: Java HotSpot(TM) Client VM (25.45-b02) for windows-x86 JRE (1.8.0_45-b14), built on Apr 10 2015 10:46:40 by "java_re" with MS VC++ 10.0 (VS2010)

time: Mon Feb 29 23:02:45 2016
elapsed time: 2 seconds (0d 0h 0m 2s)

